Vivado Simulator v2022.2
Copyright 1986-1999, 2001-2022 Xilinx, Inc. All Rights Reserved.
Running: /opt/Xilinx/Vivado/Vivado/2022.2/bin/unwrapped/lnx64.o/xelab --incr --debug typical --relax --mt 8 -L xil_defaultlib -L secureip --snapshot testbench_behav xil_defaultlib.testbench -log elaborate.log 
Using 8 slave threads.
Starting static elaboration
Completed static elaboration
Starting simulation data flow analysis
Completed simulation data flow analysis
Time Resolution for simulation is 1ps
Compiling package std.standard
Compiling package std.textio
Compiling package ieee.std_logic_1164
Compiling architecture rtl1 of entity xil_defaultlib.and_teste [and_teste_default]
Compiling architecture behavioral of entity xil_defaultlib.or_teste [or_teste_default]
Compiling architecture behavioral of entity xil_defaultlib.nor_teste [nor_teste_default]
Compiling architecture behavioral of entity xil_defaultlib.nand_teste [nand_teste_default]
Compiling architecture behavioral of entity xil_defaultlib.xor_teste [xor_teste_default]
Compiling architecture behavioral of entity xil_defaultlib.xnor_teste [xnor_teste_default]
Compiling architecture behavioral of entity xil_defaultlib.not_teste [not_teste_default]
Compiling architecture behavioral of entity xil_defaultlib.lacth_teste [lacth_teste_default]
Compiling architecture behavioral of entity xil_defaultlib.ffd_teste [ffd_teste_default]
Compiling architecture behavioral of entity xil_defaultlib.testbench
Built simulation snapshot testbench_behav
